<?xml version="1.0" encoding="UTF-8"?>
<testng-results skipped="0" failed="0" total="1" passed="1">
  <reporter-output>
  </reporter-output>
  <suite name="Default suite" duration-ms="8920" started-at="2021-08-11T17:49:21Z" finished-at="2021-08-11T17:49:30Z">
    <groups>
    </groups>
    <test name="Default test" duration-ms="8920" started-at="2021-08-11T17:49:21Z" finished-at="2021-08-11T17:49:30Z">
      <class name="com.testing.ExtentReportWithTestNGDemo">
        <test-method status="PASS" signature="setup()[pri:0, instance:com.testing.ExtentReportWithTestNGDemo@464bee09]" name="setup" is-config="true" duration-ms="4384" started-at="2021-08-11T13:49:21Z" finished-at="2021-08-11T13:49:26Z">
          <reporter-output>
          </reporter-output>
        </test-method> <!-- setup -->
        <test-method status="PASS" signature="indiaSearchTest()[pri:0, instance:com.testing.ExtentReportWithTestNGDemo@464bee09]" name="indiaSearchTest" duration-ms="3208" started-at="2021-08-11T13:49:26Z" finished-at="2021-08-11T13:49:29Z">
          <reporter-output>
          </reporter-output>
        </test-method> <!-- indiaSearchTest -->
        <test-method status="PASS" signature="tearDown()[pri:0, instance:com.testing.ExtentReportWithTestNGDemo@464bee09]" name="tearDown" is-config="true" duration-ms="1311" started-at="2021-08-11T13:49:29Z" finished-at="2021-08-11T13:49:30Z">
          <reporter-output>
          </reporter-output>
        </test-method> <!-- tearDown -->
      </class> <!-- com.testing.ExtentReportWithTestNGDemo -->
    </test> <!-- Default test -->
  </suite> <!-- Default suite -->
</testng-results>
